android/app/build/outputs/logs/manifest-merger-dev19-debug-report.txt
-- Merging decision tree log ---
manifest
ADDED from src/main/AndroidManifest.xml:2:1-262:12
	package
		ADDED from src/main/AndroidManifest.xml:3:3-30
		INJECTED from src/main/AndroidManifest.xml
		INJECTED from src/main/AndroidManifest.xml
	android:versionName
		INJECTED from src/main/AndroidManifest.xml
		INJECTED from src/main/AndroidManifest.xml
	xmlns:tools
		ADDED from src/main/AndroidManifest.xml:5:3-49
	xmlns:android
		ADDED from src/main/AndroidManifest.xml:4:3-61
	android:versionCode
		INJECTED from src/main/AndroidManifest.xml
		INJECTED from src/main/AndroidManifest.xml
permission#com.linked4.app.social.permission.C2D_MESSAGE
ADDED from src/main/AndroidManifest.xml:7:3-9:42
MERGED from [com.onesignal:OneSignal:3.8.3] AndroidManifest.xml:8:5-10:47
MERGED from [com.google.firebase:firebase-iid:9.8.0] AndroidManifest.xml:24:5-109
	android:protectionLevel
		ADDED from src/main/AndroidManifest.xml:9:5-40
	android:name
		ADDED from src/main/AndroidManifest.xml:8:5-65
uses-permission#com.linked4.app.social.permission.C2D_MESSAGE
ADDED from src/main/AndroidManifest.xml:12:3-83
MERGED from [com.onesignal:OneSignal:3.8.3] AndroidManifest.xml:12:5-79
MERGED from [com.google.firebase:firebase-iid:9.8.0] AndroidManifest.xml:26:5-78
	android:name
		ADDED from src/main/AndroidManifest.xml:12:20-80
uses-permission#com.google.android.c2dm.permission.RECEIVE
ADDED from src/main/AndroidManifest.xml:13:3-80
MERGED from [com.onesignal:OneSignal:3.8.3] AndroidManifest.xml:18:5-82
MERGED from [com.google.android.gms:play-services-gcm:9.8.0] AndroidManifest.xml:20:5-81
MERGED from [com.google.android.gms:play-services-iid:9.8.0] AndroidManifest.xml:20:5-81
MERGED from [com.google.firebase:firebase-iid:9.8.0] AndroidManifest.xml:22:5-81
	android:name
		ADDED from src/main/AndroidManifest.xml:13:20-77
uses-permission#android.permission.ACCESS_NETWORK_STATE
ADDED from src/main/AndroidManifest.xml:14:3-77
MERGED from [com.onesignal:OneSignal:3.8.3] AndroidManifest.xml:25:5-79
MERGED from [host.exp.exponent:expoview:25.0.0] AndroidManifest.xml:25:5-79
MERGED from [com.facebook.android:audience-network-sdk:4.26.1] AndroidManifest.xml:12:5-79
MERGED from [com.google.android.gms:play-services-analytics:9.8.0] AndroidManifest.xml:21:5-78
MERGED from [com.google.android.gms:play-services-analytics-impl:9.8.0] AndroidManifest.xml:21:5-78
MERGED from [com.google.android.gms:play-services-ads-lite:9.8.0] AndroidManifest.xml:20:5-78
MERGED from [com.google.android.gms:play-services-maps:9.8.0] AndroidManifest.xml:19:5-78
MERGED from [io.nlopez.smartlocation:library:3.2.11] AndroidManifest.xml:13:5-79
MERGED from [com.google.firebase:firebase-analytics:9.8.0] AndroidManifest.xml:21:5-78
MERGED from [com.google.firebase:firebase-analytics-impl:9.8.0] AndroidManifest.xml:21:5-78
MERGED from [com.google.firebase:firebase-iid:9.8.0] AndroidManifest.xml:19:5-78
	android:name
		ADDED from src/main/AndroidManifest.xml:14:20-74
uses-permission#android.permission.INTERNET
ADDED from src/main/AndroidManifest.xml:15:3-65
MERGED from [com.onesignal:OneSignal:3.8.3] AndroidManifest.xml:17:5-67
MERGED from [host.exp.exponent:expoview:25.0.0] AndroidManifest.xml:19:5-67
MERGED from [com.crashlytics.sdk.android:crashlytics:2.5.5] AndroidManifest.xml:9:5-67
MERGED from [com.crashlytics.sdk.android:crashlytics-core:2.3.8] AndroidManifest.xml:9:5-67
MERGED from [com.crashlytics.sdk.android:answers:1.3.6] AndroidManifest.xml:9:5-67
MERGED from [io.fabric.sdk.android:fabric:1.3.10] AndroidManifest.xml:25:5-67
MERGED from [com.crashlytics.sdk.android:beta:1.1.4] AndroidManifest.xml:9:5-67
MERGED from [com.facebook.android:audience-network-sdk:4.26.1] AndroidManifest.xml:11:5-67
MERGED from [com.google.android.gms:play-services-gcm:9.8.0] AndroidManifest.xml:21:5-66
MERGED from [com.google.android.gms:play-services-iid:9.8.0] AndroidManifest.xml:21:5-66
MERGED from [com.google.android.gms:play-services-analytics:9.8.0] AndroidManifest.xml:20:5-66
MERGED from [com.google.android.gms:play-services-analytics-impl:9.8.0] AndroidManifest.xml:20:5-66
MERGED from [com.google.android.gms:play-services-ads-lite:9.8.0] AndroidManifest.xml:19:5-66
MERGED from [com.google.android.gms:play-services-maps:9.8.0] AndroidManifest.xml:20:5-66
MERGED from [net.openid:appauth:0.4.1] AndroidManifest.xml:24:5-67
MERGED from [com.google.firebase:firebase-analytics:9.8.0] AndroidManifest.xml:20:5-66
MERGED from [com.google.firebase:firebase-analytics-impl:9.8.0] AndroidManifest.xml:20:5-66
MERGED from [com.google.firebase:firebase-iid:9.8.0] AndroidManifest.xml:20:5-66
	android:name
		ADDED from src/main/AndroidManifest.xml:15:20-62
uses-permission#android.permission.SYSTEM_ALERT_WINDOW
ADDED from src/main/AndroidManifest.xml:16:3-76
MERGED from [host.exp.exponent:expoview:25.0.0] AndroidManifest.xml:21:5-78
MERGED from [com.facebook.react:react-native:25.0.0] AndroidManifest.xml:11:5-78
MERGED from [host.exp:reactandroid-abi25_0_0:1.0.0] AndroidManifest.xml:11:5-78
MERGED from [host.exp:reactandroid-abi24_0_0:1.0.0] AndroidManifest.xml:11:5-78
MERGED from [host.exp:reactandroid-abi23:1.0.0] AndroidManifest.xml:11:5-78
MERGED from [host.exp:reactandroid-abi22:1.0.0] AndroidManifest.xml:11:5-78
MERGED from [host.exp:reactandroid-abi21:1.0.0] AndroidManifest.xml:11:5-78
MERGED from [host.exp:reactandroid-abi20:1.0.0] AndroidManifest.xml:11:5-78
MERGED from [host.exp:reactandroid-abi19:1.0.0] AndroidManifest.xml:11:5-78
	android:name
		ADDED from src/main/AndroidManifest.xml:16:20-73
uses-permission#android.permission.WAKE_LOCK
ADDED from src/main/AndroidManifest.xml:17:3-66
MERGED from [com.onesignal:OneSignal:3.8.3] AndroidManifest.xml:19:5-68
MERGED from [host.exp.exponent:expoview:25.0.0] AndroidManifest.xml:22:5-68
MERGED from [com.google.android.gms:play-services-analytics:9.8.0] AndroidManifest.xml:24:5-67
MERGED from [com.google.android.gms:play-services-analytics-impl:9.8.0] AndroidManifest.xml:24:5-67
MERGED from [com.google.firebase:firebase-analytics:9.8.0] AndroidManifest.xml:22:5-67
MERGED from [com.google.firebase:firebase-analytics-impl:9.8.0] AndroidManifest.xml:22:5-67
MERGED from [com.google.firebase:firebase-iid:9.8.0] AndroidManifest.xml:21:5-67
	android:name
		ADDED from src/main/AndroidManifest.xml:17:20-63
uses-permission#android.permission.MANAGE_DOCUMENTS
ADDED from src/main/AndroidManifest.xml:21:3-73
MERGED from [host.exp.exponent:expoview:25.0.0] AndroidManifest.xml:26:5-75
	android:name
		ADDED from src/main/AndroidManifest.xml:21:20-70
uses-permission#android.permission.READ_INTERNAL_STORAGE
ADDED from src/main/AndroidManifest.xml:22:3-78
MERGED from [host.exp.exponent:expoview:25.0.0] AndroidManifest.xml:24:5-80
	android:name
		ADDED from src/main/AndroidManifest.xml:22:20-75
uses-permission#android.permission.READ_PHONE_STATE
ADDED from src/main/AndroidManifest.xml:23:3-73
	android:name
		ADDED from src/main/AndroidManifest.xml:23:20-70
uses-permission#android.permission.USE_FINGERPRINT
ADDED from src/main/AndroidManifest.xml:24:3-72
MERGED from [host.exp.exponent:expoview:25.0.0] AndroidManifest.xml:27:5-74
	android:name
		ADDED from src/main/AndroidManifest.xml:24:20-69
uses-permission#android.permission.VIBRATE
ADDED from src/main/AndroidManifest.xml:25:3-64
MERGED from [com.onesignal:OneSignal:3.8.3] AndroidManifest.xml:24:5-66
	android:name
		ADDED from src/main/AndroidManifest.xml:25:20-61
uses-permission#com.android.launcher.permission.INSTALL_SHORTCUT
ADDED from src/main/AndroidManifest.xml:26:3-86
MERGED from [host.exp.exponent:expoview:25.0.0] AndroidManifest.xml:20:5-88
	android:name
		ADDED from src/main/AndroidManifest.xml:26:20-83
uses-permission#android.permission.ACCESS_COARSE_LOCATION
ADDED from src/main/AndroidManifest.xml:29:3-79
MERGED from [host.exp.exponent:expoview:25.0.0] AndroidManifest.xml:36:5-81
MERGED from [io.nlopez.smartlocation:library:3.2.11] AndroidManifest.xml:12:5-81
	android:name
		ADDED from src/main/AndroidManifest.xml:29:20-76
uses-permission#android.permission.ACCESS_FINE_LOCATION
ADDED from src/main/AndroidManifest.xml:30:3-77
MERGED from [host.exp.exponent:expoview:25.0.0] AndroidManifest.xml:37:5-79
MERGED from [io.nlopez.smartlocation:library:3.2.11] AndroidManifest.xml:14:5-79
	android:name
		ADDED from src/main/AndroidManifest.xml:30:20-74
uses-permission#android.permission.CAMERA
ADDED from src/main/AndroidManifest.xml:31:3-63
MERGED from [host.exp.exponent:expoview:25.0.0] AndroidManifest.xml:35:5-65
MERGED from [com.google.android:cameraview:1.0.0] AndroidManifest.xml:23:5-65
	android:name
		ADDED from src/main/AndroidManifest.xml:31:20-60
uses-permission#android.permission.READ_CONTACTS
ADDED from src/main/AndroidManifest.xml:32:3-70
MERGED from [host.exp.exponent:expoview:25.0.0] AndroidManifest.xml:30:5-72
	android:name
		ADDED from src/main/AndroidManifest.xml:32:20-67
uses-permission#android.permission.READ_EXTERNAL_STORAGE
ADDED from src/main/AndroidManifest.xml:33:3-78
MERGED from [host.exp.exponent:expoview:25.0.0] AndroidManifest.xml:33:5-80
	android:name
		ADDED from src/main/AndroidManifest.xml:33:20-75
uses-permission#android.permission.RECORD_AUDIO
ADDED from src/main/AndroidManifest.xml:34:3-69
	android:name
		ADDED from src/main/AndroidManifest.xml:34:20-66
uses-permission#android.permission.WRITE_EXTERNAL_STORAGE
ADDED from src/main/AndroidManifest.xml:35:3-79
MERGED from [host.exp.exponent:expoview:25.0.0] AndroidManifest.xml:34:5-81
	android:name
		ADDED from src/main/AndroidManifest.xml:35:20-76
uses-permission#android.permission.WRITE_SETTINGS
ADDED from src/main/AndroidManifest.xml:36:3-71
	android:name
		ADDED from src/main/AndroidManifest.xml:36:20-68
uses-feature#0x00020000
ADDED from src/main/AndroidManifest.xml:41:3-77
MERGED from [com.google.android.gms:play-services-maps:9.8.0] AndroidManifest.xml:21:5-77
	android:glEsVersion
		ADDED from src/main/AndroidManifest.xml:41:17-49
	android:required
		ADDED from src/main/AndroidManifest.xml:41:50-74
application
ADDED from src/main/AndroidManifest.xml:43:3-260:17
REJECTED from [com.onesignal:OneSignal:3.8.3] AndroidManifest.xml:49:5-106:19
REJECTED from [host.exp.exponent:expoview:25.0.0] AndroidManifest.xml:67:5-83:19
REJECTED from [com.facebook.react:react-native:25.0.0] AndroidManifest.xml:13:5-20
REJECTED from [host.exp:reactandroid-abi25_0_0:1.0.0] AndroidManifest.xml:13:5-20
REJECTED from [host.exp:reactandroid-abi24_0_0:1.0.0] AndroidManifest.xml:13:5-20
REJECTED from [host.exp:reactandroid-abi23:1.0.0] AndroidManifest.xml:13:5-20
REJECTED from [host.exp:reactandroid-abi22:1.0.0] AndroidManifest.xml:13:5-20
REJECTED from [host.exp:reactandroid-abi21:1.0.0] AndroidManifest.xml:13:5-20
REJECTED from [host.exp:reactandroid-abi20:1.0.0] AndroidManifest.xml:13:5-20
REJECTED from [host.exp:reactandroid-abi19:1.0.0] AndroidManifest.xml:13:5-20
REJECTED from [com.facebook.soloader:soloader:0.1.0] AndroidManifest.xml:3:3-17
REJECTED from [org.webkit:android-jsc:r174650] AndroidManifest.xml:2:3-17
REJECTED from [com.crashlytics.sdk.android:crashlytics:2.5.5] AndroidManifest.xml:11:5-20
REJECTED from [com.crashlytics.sdk.android:crashlytics-core:2.3.8] AndroidManifest.xml:11:5-20
REJECTED from [com.crashlytics.sdk.android:answers:1.3.6] AndroidManifest.xml:11:5-20
REJECTED from [io.fabric.sdk.android:fabric:1.3.10] AndroidManifest.xml:27:5-20
REJECTED from [com.crashlytics.sdk.android:beta:1.1.4] AndroidManifest.xml:11:5-20
REJECTED from [com.facebook.android:facebook-android-sdk:4.28.0] AndroidManifest.xml:28:5-29:19
REJECTED from [com.facebook.android:facebook-login:4.28.0] AndroidManifest.xml:28:5-29:19
REJECTED from [com.facebook.android:facebook-share:4.28.0] AndroidManifest.xml:28:5-29:19
REJECTED from [com.facebook.android:facebook-common:4.28.0] AndroidManifest.xml:28:5-34:19
REJECTED from [com.android.support:cardview-v7:26.0.1] AndroidManifest.xml:22:5-26:19
REJECTED from [com.facebook.android:facebook-places:4.28.0] AndroidManifest.xml:28:5-29:19
REJECTED from [com.facebook.android:facebook-applinks:4.28.0] AndroidManifest.xml:28:5-29:19
REJECTED from [com.facebook.android:facebook-messenger:4.28.0] AndroidManifest.xml:28:5-29:19
REJECTED from [com.facebook.android:facebook-core:4.28.0] AndroidManifest.xml:28:5-43:19
REJECTED from [com.facebook.android:audience-network-sdk:4.26.1] AndroidManifest.xml:14:5-18:19
REJECTED from [com.android.support:recyclerview-v7:26.0.1] AndroidManifest.xml:22:5-26:19
REJECTED from [com.google.android.gms:play-services-gcm:9.8.0] AndroidManifest.xml:23:5-19
REJECTED from [com.google.android.gms:play-services-iid:9.8.0] AndroidManifest.xml:23:5-19
REJECTED from [com.google.android.gms:play-services-analytics:9.8.0] AndroidManifest.xml:26:5-19
REJECTED from [com.google.android.gms:play-services-analytics-impl:9.8.0] AndroidManifest.xml:26:5-19
REJECTED from [com.google.android.gms:play-services-auth:9.8.0] AndroidManifest.xml:19:5-25:19
REJECTED from [com.google.android.gms:play-services-ads-lite:9.8.0] AndroidManifest.xml:23:5-27:19
REJECTED from [com.google.android.gms:play-services-clearcut:9.8.0] AndroidManifest.xml:18:5-19
REJECTED from [com.google.android.gms:play-services-gass:9.8.0] AndroidManifest.xml:4:5-19
REJECTED from [com.google.android.gms:play-services-fitness:9.8.0] AndroidManifest.xml:18:5-19
REJECTED from [com.google.android.gms:play-services-location:9.8.0] AndroidManifest.xml:4:5-19
REJECTED from [com.google.android.gms:play-services-vision:9.8.0] AndroidManifest.xml:4:5-19
REJECTED from [com.google.android.gms:play-services-identity:9.8.0] AndroidManifest.xml:18:5-19
REJECTED from [com.google.android.gms:play-services-maps:9.8.0] AndroidManifest.xml:24:5-19
REJECTED from [com.google.android.gms:play-services-base:9.8.0] AndroidManifest.xml:18:5-20:19
REJECTED from [com.raizlabs.android:DBFlow:2.2.1] AndroidManifest.xml:11:5-20
REJECTED from [net.openid:appauth:0.4.1] AndroidManifest.xml:26:5-44:19
REJECTED from [com.android.support:customtabs:26.0.1] AndroidManifest.xml:22:5-26:19
REJECTED from [com.airbnb.android:lottie:2.2.0] AndroidManifest.xml:10:5-20
REJECTED from [com.crashlytics.sdk.android:answers-shim:0.0.6] AndroidManifest.xml:11:5-20
REJECTED from [io.nlopez.smartlocation:library:3.2.11] AndroidManifest.xml:18:5-28:19
REJECTED from [com.android.support:exifinterface:26.0.1] AndroidManifest.xml:22:5-26:19
REJECTED from [com.google.android:cameraview:1.0.0] AndroidManifest.xml:32:5-20
REJECTED from [com.android.support:appcompat-v7:26.0.1] AndroidManifest.xml:25:5-29:19
REJECTED from [com.android.support:animated-vector-drawable:26.0.1] AndroidManifest.xml:22:5-26:19
REJECTED from [com.android.support:support-vector-drawable:26.0.1] AndroidManifest.xml:22:5-26:19
REJECTED from [com.google.firebase:firebase-core:9.8.0] AndroidManifest.xml:5:5-20
REJECTED from [com.google.firebase:firebase-analytics:9.8.0] AndroidManifest.xml:24:5-33:19
REJECTED from [com.google.firebase:firebase-analytics-impl:9.8.0] AndroidManifest.xml:24:5-28:19
REJECTED from [com.google.firebase:firebase-iid:9.8.0] AndroidManifest.xml:28:5-50:19
REJECTED from [com.google.firebase:firebase-common:9.8.0] AndroidManifest.xml:4:5-7:19
REJECTED from [com.google.android.gms:play-services-tasks:9.8.0] AndroidManifest.xml:4:5-19
REJECTED from [com.google.android.gms:play-services-basement:9.8.0] AndroidManifest.xml:19:5-21:19
REJECTED from [com.android.support:support-v4:26.0.1] AndroidManifest.xml:25:5-29:19
REJECTED from [com.android.support:support-media-compat:26.0.1] AndroidManifest.xml:25:5-29:19
REJECTED from [com.android.support:support-fragment:26.0.1] AndroidManifest.xml:25:5-29:19
REJECTED from [com.android.support:support-core-ui:26.0.1] AndroidManifest.xml:25:5-29:19
REJECTED from [com.android.support:support-core-utils:26.0.1] AndroidManifest.xml:25:5-29:19
REJECTED from [com.android.support:support-compat:26.0.1] AndroidManifest.xml:25:5-29:19
	tools:node
		ADDED from src/main/AndroidManifest.xml:44:7-27
	android:label
		ADDED from src/main/AndroidManifest.xml:48:5-37
	android:allowBackup
		ADDED from src/main/AndroidManifest.xml:46:5-31
	android:icon
		ADDED from src/main/AndroidManifest.xml:47:5-39
	android:largeHeap
		ADDED from src/main/AndroidManifest.xml:49:5-29
	android:name
		ADDED from src/main/AndroidManifest.xml:45:5-36
activity#host.exp.exponent.LauncherActivity
ADDED from src/main/AndroidManifest.xml:51:5-65:16
	android:screenOrientation
		ADDED from src/main/AndroidManifest.xml:55:7-43
	android:launchMode
		ADDED from src/main/AndroidManifest.xml:54:7-38
	android:exported
		ADDED from src/main/AndroidManifest.xml:53:7-30
	android:theme
		ADDED from src/main/AndroidManifest.xml:56:7-66
	android:name
		ADDED from src/main/AndroidManifest.xml:52:7-39
intent-filter#android.intent.action.VIEW+android.intent.category.BROWSABLE+android.intent.category.DEFAULT
ADDED from src/main/AndroidManifest.xml:57:7-64:23
data
ADDED from src/main/AndroidManifest.xml:58:9-69
	android:scheme
		ADDED from src/main/AndroidManifest.xml:58:15-67
action#android.intent.action.VIEW
ADDED from src/main/AndroidManifest.xml:60:9-60
	android:name
		ADDED from src/main/AndroidManifest.xml:60:17-58
category#android.intent.category.DEFAULT
ADDED from src/main/AndroidManifest.xml:62:9-67
	android:name
		ADDED from src/main/AndroidManifest.xml:62:19-65
category#android.intent.category.BROWSABLE
ADDED from src/main/AndroidManifest.xml:63:9-69
	android:name
		ADDED from src/main/AndroidManifest.xml:63:19-67
activity#host.exp.exponent.experience.ExperienceActivity
ADDED from src/main/AndroidManifest.xml:67:5-72:16
	android:windowSoftInputMode
		ADDED from src/main/AndroidManifest.xml:71:7-49
	android:configChanges
		ADDED from src/main/AndroidManifest.xml:69:7-77
	android:theme
		ADDED from src/main/AndroidManifest.xml:70:7-50
	android:name
		ADDED from src/main/AndroidManifest.xml:68:7-52
activity#host.exp.exponent.MainActivity
ADDED from src/main/AndroidManifest.xml:74:5-84:16
	android:windowSoftInputMode
		ADDED from src/main/AndroidManifest.xml:78:7-49
	android:configChanges
		ADDED from src/main/AndroidManifest.xml:76:7-77
	android:theme
		ADDED from src/main/AndroidManifest.xml:77:7-51
	android:name
		ADDED from src/main/AndroidManifest.xml:75:7-35
intent-filter#android.intent.action.MAIN+android.intent.category.LAUNCHER
ADDED from src/main/AndroidManifest.xml:79:7-83:23
action#android.intent.action.MAIN
ADDED from src/main/AndroidManifest.xml:80:9-60
	android:name
		ADDED from src/main/AndroidManifest.xml:80:17-58
category#android.intent.category.LAUNCHER
ADDED from src/main/AndroidManifest.xml:82:9-68
	android:name
		ADDED from src/main/AndroidManifest.xml:82:19-66
activity#host.exp.exponent.experience.ShellAppActivity
ADDED from src/main/AndroidManifest.xml:86:5-92:16
	android:windowSoftInputMode
		ADDED from src/main/AndroidManifest.xml:90:7-49
	android:configChanges
		ADDED from src/main/AndroidManifest.xml:88:7-77
	android:theme
		ADDED from src/main/AndroidManifest.xml:89:7-51
	android:name
		ADDED from src/main/AndroidManifest.xml:87:7-50
activity#host.exp.exponent.experience.HomeActivity
ADDED from src/main/AndroidManifest.xml:94:5-100:16
	android:screenOrientation
		ADDED from src/main/AndroidManifest.xml:98:7-43
	android:label
		ADDED from src/main/AndroidManifest.xml:96:7-39
	android:launchMode
		ADDED from src/main/AndroidManifest.xml:97:7-38
	android:theme
		ADDED from src/main/AndroidManifest.xml:99:7-50
	android:name
		ADDED from src/main/AndroidManifest.xml:95:7-46
activity#com.facebook.react.devsupport.DevSettingsActivity
ADDED from src/main/AndroidManifest.xml:102:5-81
	android:name
		ADDED from src/main/AndroidManifest.xml:102:15-79
activity#abi25_0_0.com.facebook.react.devsupport.DevSettingsActivity
ADDED from src/main/AndroidManifest.xml:104:5-91
	android:name
		ADDED from src/main/AndroidManifest.xml:104:15-89
activity#abi24_0_0.com.facebook.react.devsupport.DevSettingsActivity
ADDED from src/main/AndroidManifest.xml:105:5-91
	android:name
		ADDED from src/main/AndroidManifest.xml:105:15-89
activity#abi23_0_0.com.facebook.react.devsupport.DevSettingsActivity
ADDED from src/main/AndroidManifest.xml:106:5-91
	android:name
		ADDED from src/main/AndroidManifest.xml:106:15-89
activity#abi22_0_0.com.facebook.react.devsupport.DevSettingsActivity
ADDED from src/main/AndroidManifest.xml:107:5-91
	android:name
		ADDED from src/main/AndroidManifest.xml:107:15-89
activity#abi21_0_0.com.facebook.react.devsupport.DevSettingsActivity
ADDED from src/main/AndroidManifest.xml:108:5-91
	android:name
		ADDED from src/main/AndroidManifest.xml:108:15-89
activity#abi20_0_0.com.facebook.react.devsupport.DevSettingsActivity
ADDED from src/main/AndroidManifest.xml:109:5-91
	android:name
		ADDED from src/main/AndroidManifest.xml:109:15-89
activity#abi19_0_0.com.facebook.react.devsupport.DevSettingsActivity
ADDED from src/main/AndroidManifest.xml:110:5-91
	android:name
		ADDED from src/main/AndroidManifest.xml:110:15-89
activity#host.exp.exponent.ExponentDevActivity
ADDED from src/main/AndroidManifest.xml:112:5-119:16
	android:screenOrientation
		ADDED from src/main/AndroidManifest.xml:116:7-43
	android:label
		ADDED from src/main/AndroidManifest.xml:115:7-48
	android:exported
		ADDED from src/main/AndroidManifest.xml:114:7-30
	android:windowSoftInputMode
		ADDED from src/main/AndroidManifest.xml:118:7-46
	android:theme
		ADDED from src/main/AndroidManifest.xml:117:7-49
	android:name
		ADDED from src/main/AndroidManifest.xml:113:7-42
activity#host.exp.exponent.oauth.OAuthWebViewActivity
ADDED from src/main/AndroidManifest.xml:121:5-125:16
	android:screenOrientation
		ADDED from src/main/AndroidManifest.xml:123:7-43
	android:theme
		ADDED from src/main/AndroidManifest.xml:124:7-50
	android:name
		ADDED from src/main/AndroidManifest.xml:122:7-49
activity#net.openid.appauth.RedirectUriReceiverActivity
ADDED from src/main/AndroidManifest.xml:127:5-136:16
	tools:node
		ADDED from src/main/AndroidManifest.xml:129:9-29
	android:name
		ADDED from src/main/AndroidManifest.xml:128:9-70
activity#host.exp.exponent.oauth.OAuthResultActivity
ADDED from src/main/AndroidManifest.xml:138:5-140:16
	android:name
		ADDED from src/main/AndroidManifest.xml:139:7-48
activity#host.exp.exponent.chrometabs.ChromeTabsManagerActivity
ADDED from src/main/AndroidManifest.xml:142:5-144:16
	android:name
		ADDED from src/main/AndroidManifest.xml:143:7-59
activity#host.exp.exponent.experience.ErrorActivity
ADDED from src/main/AndroidManifest.xml:146:5-150:16
	android:screenOrientation
		ADDED from src/main/AndroidManifest.xml:149:7-43
	android:theme
		ADDED from src/main/AndroidManifest.xml:148:7-49
	android:name
		ADDED from src/main/AndroidManifest.xml:147:7-47
activity#host.exp.exponent.experience.InfoActivity
ADDED from src/main/AndroidManifest.xml:152:5-156:16
	android:screenOrientation
		ADDED from src/main/AndroidManifest.xml:154:7-43
	android:theme
		ADDED from src/main/AndroidManifest.xml:155:7-50
	android:name
		ADDED from src/main/AndroidManifest.xml:153:7-46
activity#com.facebook.FacebookActivity
ADDED from src/main/AndroidManifest.xml:158:5-163:39
	android:label
		ADDED from src/main/AndroidManifest.xml:161:7-39
	android:configChanges
		ADDED from src/main/AndroidManifest.xml:160:7-90
	android:theme
		ADDED from src/main/AndroidManifest.xml:162:7-66
	tools:replace
		ADDED from src/main/AndroidManifest.xml:163:7-36
	android:name
		ADDED from src/main/AndroidManifest.xml:159:7-51
activity#com.facebook.ads.InterstitialAdActivity
ADDED from src/main/AndroidManifest.xml:165:5-169:69
	android:label
		ADDED from src/main/AndroidManifest.xml:168:7-39
	android:configChanges
		ADDED from src/main/AndroidManifest.xml:167:7-90
	android:theme
		ADDED from src/main/AndroidManifest.xml:169:7-66
	android:name
		ADDED from src/main/AndroidManifest.xml:166:7-61
service#host.exp.exponent.ExponentIntentService
ADDED from src/main/AndroidManifest.xml:171:5-173:34
	android:exported
		ADDED from src/main/AndroidManifest.xml:173:7-31
	android:name
		ADDED from src/main/AndroidManifest.xml:172:7-44
receiver#host.exp.exponent.referrer.InstallReferrerReceiver
ADDED from src/main/AndroidManifest.xml:176:5-182:16
	android:exported
		ADDED from src/main/AndroidManifest.xml:178:7-30
	android:name
		ADDED from src/main/AndroidManifest.xml:177:7-72
intent-filter#com.android.vending.INSTALL_REFERRER
ADDED from src/main/AndroidManifest.xml:179:7-181:23
action#com.android.vending.INSTALL_REFERRER
ADDED from src/main/AndroidManifest.xml:180:9-71
	android:name
		ADDED from src/main/AndroidManifest.xml:180:17-68
receiver#com.google.android.gms.analytics.AnalyticsReceiver
ADDED from src/main/AndroidManifest.xml:192:5-197:16
	android:enabled
		ADDED from src/main/AndroidManifest.xml:193:15-37
	android:name
		ADDED from src/main/AndroidManifest.xml:192:15-80
intent-filter#com.google.android.gms.analytics.ANALYTICS_DISPATCH
ADDED from src/main/AndroidManifest.xml:194:7-196:23
action#com.google.android.gms.analytics.ANALYTICS_DISPATCH
ADDED from src/main/AndroidManifest.xml:195:9-86
	android:name
		ADDED from src/main/AndroidManifest.xml:195:17-83
service#com.google.android.gms.analytics.AnalyticsService
ADDED from src/main/AndroidManifest.xml:199:5-201:40
	android:enabled
		ADDED from src/main/AndroidManifest.xml:200:14-36
	android:exported
		ADDED from src/main/AndroidManifest.xml:201:14-38
	android:name
		ADDED from src/main/AndroidManifest.xml:199:14-78
receiver#com.google.android.gms.gcm.GcmReceiver
ADDED from src/main/AndroidManifest.xml:204:5-214:16
	android:exported
		ADDED from src/main/AndroidManifest.xml:206:7-30
	android:permission
		ADDED from src/main/AndroidManifest.xml:207:7-67
	android:name
		ADDED from src/main/AndroidManifest.xml:205:7-60
intent-filter#com.google.android.c2dm.intent.RECEIVE+com.google.android.c2dm.intent.REGISTRATION+com.linked4.app.social
ADDED from src/main/AndroidManifest.xml:208:7-213:23
action#com.google.android.c2dm.intent.RECEIVE
ADDED from src/main/AndroidManifest.xml:209:9-72
	android:name
		ADDED from src/main/AndroidManifest.xml:209:17-70
action#com.google.android.c2dm.intent.REGISTRATION
ADDED from src/main/AndroidManifest.xml:210:9-77
	android:name
		ADDED from src/main/AndroidManifest.xml:210:17-75
category#com.linked4.app.social
ADDED from src/main/AndroidManifest.xml:212:9-58
	android:name
		ADDED from src/main/AndroidManifest.xml:212:19-56
service#host.exp.exponent.gcm.ExponentGcmListenerService
ADDED from src/main/AndroidManifest.xml:216:5-222:15
	android:exported
		ADDED from src/main/AndroidManifest.xml:218:7-31
	android:name
		ADDED from src/main/AndroidManifest.xml:217:7-53
intent-filter#com.google.android.c2dm.intent.RECEIVE
ADDED from src/main/AndroidManifest.xml:219:7-221:23
service#host.exp.exponent.gcm.ExponentInstanceIDListenerService
ADDED from src/main/AndroidManifest.xml:223:5-229:15
	android:exported
		ADDED from src/main/AndroidManifest.xml:225:7-31
	android:name
		ADDED from src/main/AndroidManifest.xml:224:7-60
intent-filter#com.google.android.gms.iid.InstanceID
ADDED from src/main/AndroidManifest.xml:226:7-228:23
action#com.google.android.gms.iid.InstanceID
ADDED from src/main/AndroidManifest.xml:227:9-71
	android:name
		ADDED from src/main/AndroidManifest.xml:227:17-69
service#host.exp.exponent.gcm.RegistrationIntentService
ADDED from src/main/AndroidManifest.xml:230:5-233:15
	android:exported
		ADDED from src/main/AndroidManifest.xml:232:7-31
	android:name
		ADDED from src/main/AndroidManifest.xml:231:7-52
activity#com.theartofdev.edmodo.cropper.CropImageActivity
ADDED from src/main/AndroidManifest.xml:236:5-239:16
	android:theme
		ADDED from src/main/AndroidManifest.xml:238:7-50
	android:name
		ADDED from src/main/AndroidManifest.xml:237:7-70
meta-data#io.fabric.ApiKey
ADDED from src/main/AndroidManifest.xml:244:5-246:65
	android:value
		ADDED from src/main/AndroidManifest.xml:246:7-63
	android:name
		ADDED from src/main/AndroidManifest.xml:245:7-38
meta-data#com.google.android.geo.API_KEY
ADDED from src/main/AndroidManifest.xml:251:5-253:64
	android:value
		ADDED from src/main/AndroidManifest.xml:253:7-62
	android:name
		ADDED from src/main/AndroidManifest.xml:252:7-52
meta-data#com.facebook.sdk.ApplicationId
ADDED from src/main/AndroidManifest.xml:259:5-83
	android:value
		ADDED from src/main/AndroidManifest.xml:259:62-81
	android:name
		ADDED from src/main/AndroidManifest.xml:259:16-61
uses-sdk
INJECTED from src/main/AndroidManifest.xml reason: use-sdk injection requested
MERGED from [android:react-native-onesignal:unspecified] AndroidManifest.xml:7:5-9:41
MERGED from [com.onesignal:OneSignal:3.8.3] AndroidManifest.xml:5:5-44
MERGED from [host.exp.exponent:expoview:25.0.0] AndroidManifest.xml:7:5-9:41
MERGED from [com.android.support:multidex:1.0.1] AndroidManifest.xml:18:5-42
MERGED from [com.facebook.react:react-native:25.0.0] AndroidManifest.xml:7:5-9:41
MERGED from [com.facebook.fresco:imagepipeline-okhttp3:1.0.1] AndroidManifest.xml:5:5-7:41
MERGED from [host.exp:reactandroid-abi25_0_0:1.0.0] AndroidManifest.xml:7:5-9:41
MERGED from [host.exp:reactandroid-abi24_0_0:1.0.0] AndroidManifest.xml:7:5-9:41
MERGED from [host.exp:reactandroid-abi23:1.0.0] AndroidManifest.xml:7:5-9:41
MERGED from [host.exp:reactandroid-abi22:1.0.0] AndroidManifest.xml:7:5-9:41
MERGED from [host.exp:reactandroid-abi21:1.0.0] AndroidManifest.xml:7:5-9:41
MERGED from [host.exp:reactandroid-abi20:1.0.0] AndroidManifest.xml:7:5-9:41
MERGED from [host.exp:reactandroid-abi19:1.0.0] AndroidManifest.xml:7:5-9:41
MERGED from [com.facebook.fbui.textlayoutbuilder:textlayoutbuilder:1.0.0] AndroidManifest.xml:14:5-16:41
MERGED from [com.facebook.fresco:fresco:1.0.1] AndroidManifest.xml:5:5-7:41
MERGED from [com.facebook.fresco:drawee:1.0.1] AndroidManifest.xml:5:5-7:41
MERGED from [com.facebook.fresco:animated-gif:1.0.1] AndroidManifest.xml:5:5-7:41
MERGED from [com.facebook.fresco:animated-webp:1.0.1] AndroidManifest.xml:5:5-7:41
MERGED from [com.facebook.fresco:animated-base:1.0.1] AndroidManifest.xml:5:5-7:41